cscope 15 $HOME/Desktop/py_code/yolov5-master -q 0000000040 0000001847
	@cscope.files

1 ./
	guts
/
	g¶Ùs
.
	gpy


2 ./
	guts
/
	gaws
/
	g__š™__
.
	gpy


3 ./
	guts
/
	gaws
/
	g»sume
.
	gpy


4 ./
	guts
/
	gtÜch_uts
.
	gpy


5 ./
	guts
/
	gdowÆßds
.
	gpy


6 ./
	guts
/
	gg’”®
.
	gpy


7 ./
	guts
/
	gautob©ch
.
	gpy


8 ./
	guts
/
	g£gm’t
/
	g¶Ùs
.
	gpy


9 ./
	guts
/
	g£gm’t
/
	gg’”®
.
	gpy


10 ./
	guts
/
	g£gm’t
/
	gaugm’tiÚs
.
	gpy


11 ./
	guts
/
	g£gm’t
/
	g__š™__
.
	gpy


12 ./
	guts
/
	g£gm’t
/
	gloss
.
	gpy


13 ./
	guts
/
	g£gm’t
/
	gd©®ßd”s
.
	gpy


14 ./
	guts
/
	g£gm’t
/
	gm‘rics
.
	gpy


15 ./
	guts
/
	gaugm’tiÚs
.
	gpy


16 ./
	guts
/
	gÿÎbacks
.
	gpy


17 ./
	guts
/
	g__š™__
.
	gpy


18 ./
	guts
/
	gŒ™Ú
.
	gpy


19 ./
	guts
/
	gæask_»¡_­i
/
	g»¡­i
.
	gpy


20 ./
	guts
/
	gæask_»¡_­i
/
	gexam¶e_»que¡
.
	gpy


21 ./
	guts
/
	gloss
.
	gpy


22 ./
	guts
/
	gautßnchÜ
.
	gpy


23 ./
	guts
/
	gaùiv©iÚs
.
	gpy


24 ./
	guts
/
	gd©®ßd”s
.
	gpy


25 ./
	guts
/
	glogg”s
/
	gwªdb
/
	gwªdb_uts
.
	gpy


26 ./
	guts
/
	glogg”s
/
	gwªdb
/
	glog_d©a£t
.
	gpy


27 ./
	guts
/
	glogg”s
/
	gwªdb
/
	g__š™__
.
	gpy


28 ./
	guts
/
	glogg”s
/
	gwªdb
/
	gsw“p
.
	gpy


29 ./
	guts
/
	glogg”s
/
	gcom‘
/
	gcom‘_uts
.
	gpy


30 ./
	guts
/
	glogg”s
/
	gcom‘
/
	g__š™__
.
	gpy


31 ./
	guts
/
	glogg”s
/
	gcom‘
/
	ghpo
.
	gpy


32 ./
	guts
/
	glogg”s
/
	g__š™__
.
	gpy


33 ./
	guts
/
	glogg”s
/
	gş—rml
/
	gş—rml_uts
.
	gpy


34 ./
	guts
/
	glogg”s
/
	gş—rml
/
	g__š™__
.
	gpy


35 ./
	guts
/
	glogg”s
/
	gş—rml
/
	ghpo
.
	gpy


36 ./
	guts
/
	gm‘rics
.
	gpy


37 ./
	gd‘eù
.
	gpy


38 ./
	gb’chm¬ks
.
	gpy


39 ./
	gexpÜt
.
	gpy


40 ./
	gmod–s
/
	gtf
.
	gpy


41 ./
	gmod–s
/
	gyŞo
.
	gpy


42 ./
	gmod–s
/
	gex³rim’l
.
	gpy


43 ./
	gmod–s
/
	g__š™__
.
	gpy


44 ./
	gmod–s
/
	gcommÚ
.
	gpy


	@
1
.
0
1
13
cscope.files
